d:\space\draw\displaylog\displaylog\x64\debug\main.obj
d:\space\draw\displaylog\displaylog\x64\debug\moc_displaylog.obj
d:\space\draw\displaylog\displaylog\x64\debug\qrc_displaylog.obj
d:\space\draw\displaylog\displaylog\x64\debug\vc140.pdb
d:\space\draw\displaylog\displaylog\x64\debug\displaylog.obj
d:\space\draw\displaylog\displaylog\x64\debug\uic\ui_displaylog.h
d:\space\draw\displaylog\displaylog\x64\debug\rcc\qrc_displaylog.cpp
d:\space\draw\displaylog\displaylog\x64\debug\moc\moc_displaylog.cpp
d:\space\draw\displaylog\x64\debug\displaylog.ilk
d:\space\draw\displaylog\x64\debug\displaylog.exe
d:\space\draw\displaylog\x64\debug\displaylog.pdb
d:\space\draw\displaylog\displaylog\x64\debug\displaylog.tlog\cl.command.1.tlog
d:\space\draw\displaylog\displaylog\x64\debug\displaylog.tlog\cl.read.1.tlog
d:\space\draw\displaylog\displaylog\x64\debug\displaylog.tlog\cl.write.1.tlog
d:\space\draw\displaylog\displaylog\x64\debug\displaylog.tlog\displaylog.write.1u.tlog
d:\space\draw\displaylog\displaylog\x64\debug\displaylog.tlog\link.command.1.tlog
d:\space\draw\displaylog\displaylog\x64\debug\displaylog.tlog\link.read.1.tlog
d:\space\draw\displaylog\displaylog\x64\debug\displaylog.tlog\link.write.1.tlog
d:\space\draw\displaylog\displaylog\x64\debug\displaylog.tlog\moc.read.1u.tlog
d:\space\draw\displaylog\displaylog\x64\debug\displaylog.tlog\moc.write.1u.tlog
d:\space\draw\displaylog\displaylog\x64\debug\displaylog.tlog\rcc.read.1u.tlog
d:\space\draw\displaylog\displaylog\x64\debug\displaylog.tlog\rcc.write.1u.tlog
d:\space\draw\displaylog\displaylog\x64\debug\displaylog.tlog\uic.read.1u.tlog
d:\space\draw\displaylog\displaylog\x64\debug\displaylog.tlog\uic.write.1u.tlog
