d:\space\barpiechange\barpie\x64\debug\uic\ui_barpie.h
d:\space\barpiechange\barpie\x64\debug\rcc\qrc_barpie.cpp
d:\space\barpiechange\barpie\x64\debug\moc\moc_barpie.cpp
d:\space\barpiechange\barpie\x64\debug\main.obj
d:\space\barpiechange\barpie\x64\debug\barpie.obj
d:\space\barpiechange\barpie\x64\debug\vc140.pdb
d:\space\barpiechange\barpie\x64\debug\qrc_barpie.obj
d:\space\barpiechange\barpie\x64\debug\moc_barpie.obj
d:\space\barpiechange\x64\debug\barpie.ilk
d:\space\barpiechange\x64\debug\barpie.exe
d:\space\barpiechange\x64\debug\barpie.pdb
d:\space\barpiechange\barpie\x64\debug\barpie.tlog\barpie.write.1u.tlog
d:\space\barpiechange\barpie\x64\debug\barpie.tlog\cl.command.1.tlog
d:\space\barpiechange\barpie\x64\debug\barpie.tlog\cl.read.1.tlog
d:\space\barpiechange\barpie\x64\debug\barpie.tlog\cl.write.1.tlog
d:\space\barpiechange\barpie\x64\debug\barpie.tlog\link.command.1.tlog
d:\space\barpiechange\barpie\x64\debug\barpie.tlog\link.read.1.tlog
d:\space\barpiechange\barpie\x64\debug\barpie.tlog\link.write.1.tlog
d:\space\barpiechange\barpie\x64\debug\barpie.tlog\moc.read.1u.tlog
d:\space\barpiechange\barpie\x64\debug\barpie.tlog\moc.write.1u.tlog
d:\space\barpiechange\barpie\x64\debug\barpie.tlog\rcc.read.1u.tlog
d:\space\barpiechange\barpie\x64\debug\barpie.tlog\rcc.write.1u.tlog
d:\space\barpiechange\barpie\x64\debug\barpie.tlog\uic.read.1u.tlog
d:\space\barpiechange\barpie\x64\debug\barpie.tlog\uic.write.1u.tlog
