d:\space\draw\logbrowser\logbrowser\x64\debug\moc_logbrowser.obj
d:\space\draw\logbrowser\logbrowser\x64\debug\qrc_logbrowser.obj
d:\space\draw\logbrowser\logbrowser\x64\debug\vc140.pdb
d:\space\draw\logbrowser\logbrowser\x64\debug\main.obj
d:\space\draw\logbrowser\x64\debug\logbrowser.ilk
d:\space\draw\logbrowser\x64\debug\logbrowser.exe
d:\space\draw\logbrowser\x64\debug\logbrowser.pdb
d:\space\draw\logbrowser\logbrowser\x64\debug\uic\ui_logbrowser.h
d:\space\draw\logbrowser\logbrowser\x64\debug\rcc\qrc_logbrowser.cpp
d:\space\draw\logbrowser\logbrowser\x64\debug\moc\moc_logbrowser.cpp
d:\space\draw\logbrowser\logbrowser\x64\debug\logbrowser.obj
d:\space\draw\logbrowser\logbrowser\x64\debug\logbrowser.tlog\cl.command.1.tlog
d:\space\draw\logbrowser\logbrowser\x64\debug\logbrowser.tlog\cl.read.1.tlog
d:\space\draw\logbrowser\logbrowser\x64\debug\logbrowser.tlog\cl.write.1.tlog
d:\space\draw\logbrowser\logbrowser\x64\debug\logbrowser.tlog\link.command.1.tlog
d:\space\draw\logbrowser\logbrowser\x64\debug\logbrowser.tlog\link.read.1.tlog
d:\space\draw\logbrowser\logbrowser\x64\debug\logbrowser.tlog\link.write.1.tlog
d:\space\draw\logbrowser\logbrowser\x64\debug\logbrowser.tlog\logbrowser.write.1u.tlog
d:\space\draw\logbrowser\logbrowser\x64\debug\logbrowser.tlog\moc.read.1u.tlog
d:\space\draw\logbrowser\logbrowser\x64\debug\logbrowser.tlog\moc.write.1u.tlog
d:\space\draw\logbrowser\logbrowser\x64\debug\logbrowser.tlog\rcc.read.1u.tlog
d:\space\draw\logbrowser\logbrowser\x64\debug\logbrowser.tlog\rcc.write.1u.tlog
d:\space\draw\logbrowser\logbrowser\x64\debug\logbrowser.tlog\uic.read.1u.tlog
d:\space\draw\logbrowser\logbrowser\x64\debug\logbrowser.tlog\uic.write.1u.tlog
